Determining if the pthread_create exist failed with the following output:
Change Dir: /home/liam/catkin_ws/src/build/CMakeFiles/CMakeTmp

Run Build Command:"/usr/bin/make" "cmTC_b82df/fast"
/usr/bin/make -f CMakeFiles/cmTC_b82df.dir/build.make CMakeFiles/cmTC_b82df.dir/build
make[1]: Entering directory '/home/liam/catkin_ws/src/build/CMakeFiles/CMakeTmp'
Building C object CMakeFiles/cmTC_b82df.dir/CheckSymbolExists.c.o
/usr/bin/gcc-5     -o CMakeFiles/cmTC_b82df.dir/CheckSymbolExists.c.o   -c /home/liam/catkin_ws/src/build/CMakeFiles/CMakeTmp/CheckSymbolExists.c
Linking C executable cmTC_b82df
/usr/bin/cmake -E cmake_link_script CMakeFiles/cmTC_b82df.dir/link.txt --verbose=1
/usr/bin/gcc-5       CMakeFiles/cmTC_b82df.dir/CheckSymbolExists.c.o  -o cmTC_b82df -rdynamic 
CMakeFiles/cmTC_b82df.dir/CheckSymbolExists.c.o: In function `main':
CheckSymbolExists.c:(.text+0x16): undefined reference to `pthread_create'
collect2: error: ld returned 1 exit status
CMakeFiles/cmTC_b82df.dir/build.make:97: recipe for target 'cmTC_b82df' failed
make[1]: *** [cmTC_b82df] Error 1
make[1]: Leaving directory '/home/liam/catkin_ws/src/build/CMakeFiles/CMakeTmp'
Makefile:126: recipe for target 'cmTC_b82df/fast' failed
make: *** [cmTC_b82df/fast] Error 2

File /home/liam/catkin_ws/src/build/CMakeFiles/CMakeTmp/CheckSymbolExists.c:
/* */
#include <pthread.h>

int main(int argc, char** argv)
{
  (void)argv;
#ifndef pthread_create
  return ((int*)(&pthread_create))[argc];
#else
  (void)argc;
  return 0;
#endif
}

Determining if the function pthread_create exists in the pthreads failed with the following output:
Change Dir: /home/liam/catkin_ws/src/build/CMakeFiles/CMakeTmp

Run Build Command:"/usr/bin/make" "cmTC_8f179/fast"
/usr/bin/make -f CMakeFiles/cmTC_8f179.dir/build.make CMakeFiles/cmTC_8f179.dir/build
make[1]: Entering directory '/home/liam/catkin_ws/src/build/CMakeFiles/CMakeTmp'
Building C object CMakeFiles/cmTC_8f179.dir/CheckFunctionExists.c.o
/usr/bin/gcc-5    -DCHECK_FUNCTION_EXISTS=pthread_create   -o CMakeFiles/cmTC_8f179.dir/CheckFunctionExists.c.o   -c /usr/share/cmake-3.5/Modules/CheckFunctionExists.c
Linking C executable cmTC_8f179
/usr/bin/cmake -E cmake_link_script CMakeFiles/cmTC_8f179.dir/link.txt --verbose=1
/usr/bin/gcc-5   -DCHECK_FUNCTION_EXISTS=pthread_create    CMakeFiles/cmTC_8f179.dir/CheckFunctionExists.c.o  -o cmTC_8f179 -rdynamic -lpthreads 
/usr/bin/ld: cannot find -lpthreads
collect2: error: ld returned 1 exit status
CMakeFiles/cmTC_8f179.dir/build.make:97: recipe for target 'cmTC_8f179' failed
make[1]: *** [cmTC_8f179] Error 1
make[1]: Leaving directory '/home/liam/catkin_ws/src/build/CMakeFiles/CMakeTmp'
Makefile:126: recipe for target 'cmTC_8f179/fast' failed
make: *** [cmTC_8f179/fast] Error 2


